[ 2016-05-05T13:48:42+08:00 ] ::1 /web/Home/User/index
INFO: [ app_init ] --START--
INFO: Run Behavior\BuildLiteBehavior [ RunTime:0.009194s ]
INFO: [ app_init ] --END-- [ RunTime:0.069490s ]
INFO: [ app_begin ] --START--
INFO: Run Behavior\ReadHtmlCacheBehavior [ RunTime:0.010105s ]
INFO: [ app_begin ] --END-- [ RunTime:0.010221s ]
SQL: SHOW COLUMNS FROM `environment_data` [ RunTime:0.6379s ]
SQL: SELECT * FROM `environment_data`  [ RunTime:0.0005s ]
INFO: [ app_end ] --START--
INFO: Run Behavior\ShowPageTraceBehavior [ RunTime:0.014147s ]
INFO: [ app_end ] --END-- [ RunTime:0.014263s ]

[ 2016-05-05T13:49:32+08:00 ] ::1 /web/Home/User/exan
INFO: [ app_init ] --START--
INFO: Run Behavior\BuildLiteBehavior [ RunTime:0.000033s ]
INFO: [ app_init ] --END-- [ RunTime:0.001150s ]
INFO: [ app_begin ] --START--
INFO: Run Behavior\ReadHtmlCacheBehavior [ RunTime:0.001216s ]
INFO: [ app_begin ] --END-- [ RunTime:0.001300s ]

[ 2016-05-05T13:50:26+08:00 ] ::1 /web/Home/User/exan
INFO: [ app_init ] --START--
INFO: Run Behavior\BuildLiteBehavior [ RunTime:0.000035s ]
INFO: [ app_init ] --END-- [ RunTime:0.000857s ]
INFO: [ app_begin ] --START--
INFO: Run Behavior\ReadHtmlCacheBehavior [ RunTime:0.001157s ]
INFO: [ app_begin ] --END-- [ RunTime:0.001269s ]

[ 2016-05-05T13:58:25+08:00 ] ::1 /web/Home/User/index
INFO: [ app_init ] --START--
INFO: Run Behavior\BuildLiteBehavior [ RunTime:0.000033s ]
INFO: [ app_init ] --END-- [ RunTime:0.001465s ]
INFO: [ app_begin ] --START--
INFO: Run Behavior\ReadHtmlCacheBehavior [ RunTime:0.002282s ]
INFO: [ app_begin ] --END-- [ RunTime:0.002385s ]

[ 2016-05-05T15:33:03+08:00 ] ::1 /web/Home/User/index
INFO: [ app_init ] --START--
INFO: Run Behavior\BuildLiteBehavior [ RunTime:0.000023s ]
INFO: [ app_init ] --END-- [ RunTime:0.009318s ]
INFO: [ app_begin ] --START--
INFO: Run Behavior\ReadHtmlCacheBehavior [ RunTime:0.012289s ]
INFO: [ app_begin ] --END-- [ RunTime:0.012373s ]
SQL: SHOW COLUMNS FROM `tempsensor` [ RunTime:0.0127s ]
SQL: SELECT * FROM `tempsensor`  [ RunTime:0.0006s ]
INFO: [ app_end ] --START--
INFO: Run Behavior\ShowPageTraceBehavior [ RunTime:0.002740s ]
INFO: [ app_end ] --END-- [ RunTime:0.002856s ]

[ 2016-05-05T15:33:14+08:00 ] ::1 /web/Home/User/temp
INFO: [ app_init ] --START--
INFO: Run Behavior\BuildLiteBehavior [ RunTime:0.000022s ]
INFO: [ app_init ] --END-- [ RunTime:0.001271s ]
INFO: [ app_begin ] --START--
INFO: Run Behavior\ReadHtmlCacheBehavior [ RunTime:0.002083s ]
INFO: [ app_begin ] --END-- [ RunTime:0.002221s ]
SQL: SHOW COLUMNS FROM `tempsensor` [ RunTime:0.0100s ]
SQL: SELECT * FROM `tempsensor`  [ RunTime:0.0006s ]
INFO: [ app_end ] --START--
INFO: Run Behavior\ShowPageTraceBehavior [ RunTime:0.001762s ]
INFO: [ app_end ] --END-- [ RunTime:0.001864s ]

[ 2016-05-05T15:33:30+08:00 ] ::1 /web/Home/User/humd
INFO: [ app_init ] --START--
INFO: Run Behavior\BuildLiteBehavior [ RunTime:0.000016s ]
INFO: [ app_init ] --END-- [ RunTime:0.000769s ]
INFO: [ app_begin ] --START--
INFO: Run Behavior\ReadHtmlCacheBehavior [ RunTime:0.001231s ]
INFO: [ app_begin ] --END-- [ RunTime:0.001338s ]
SQL: SHOW COLUMNS FROM `humdsensor` [ RunTime:0.0101s ]
SQL: SELECT * FROM `humdsensor`  [ RunTime:0.0004s ]
INFO: [ app_end ] --START--
INFO: Run Behavior\ShowPageTraceBehavior [ RunTime:0.001727s ]
INFO: [ app_end ] --END-- [ RunTime:0.001840s ]

[ 2016-05-05T15:34:22+08:00 ] ::1 /web/Home/User/humd
INFO: [ app_init ] --START--
INFO: Run Behavior\BuildLiteBehavior [ RunTime:0.000019s ]
INFO: [ app_init ] --END-- [ RunTime:0.000711s ]
INFO: [ app_begin ] --START--
INFO: Run Behavior\ReadHtmlCacheBehavior [ RunTime:0.001010s ]
INFO: [ app_begin ] --END-- [ RunTime:0.001098s ]
SQL: SHOW COLUMNS FROM `humdsensor` [ RunTime:0.0061s ]
SQL: SELECT * FROM `humdsensor`  [ RunTime:0.0004s ]
INFO: [ app_end ] --START--
INFO: Run Behavior\ShowPageTraceBehavior [ RunTime:0.001726s ]
INFO: [ app_end ] --END-- [ RunTime:0.001811s ]

[ 2016-05-05T17:55:15+08:00 ] 115.200.15.173 /web/Home/User/temp
INFO: [ app_init ] --START--
INFO: Run Behavior\BuildLiteBehavior [ RunTime:0.007407s ]
INFO: [ app_init ] --END-- [ RunTime:0.099704s ]
INFO: [ app_begin ] --START--
INFO: Run Behavior\ReadHtmlCacheBehavior [ RunTime:0.018349s ]
INFO: [ app_begin ] --END-- [ RunTime:0.018498s ]
SQL: SHOW COLUMNS FROM `tempsensor` [ RunTime:0.5938s ]
SQL: SELECT * FROM `tempsensor`  [ RunTime:0.0005s ]
INFO: [ app_end ] --START--
INFO: Run Behavior\ShowPageTraceBehavior [ RunTime:0.013982s ]
INFO: [ app_end ] --END-- [ RunTime:0.014122s ]

[ 2016-05-05T18:21:51+08:00 ] 115.200.15.173 ///web/Home/User/index
INFO: [ app_init ] --START--
INFO: Run Behavior\BuildLiteBehavior [ RunTime:0.000019s ]
INFO: [ app_init ] --END-- [ RunTime:0.006714s ]
INFO: [ app_begin ] --START--
INFO: Run Behavior\ReadHtmlCacheBehavior [ RunTime:0.012027s ]
INFO: [ app_begin ] --END-- [ RunTime:0.012163s ]
SQL: SHOW COLUMNS FROM `tempsensor` [ RunTime:0.0152s ]
SQL: SELECT * FROM `tempsensor`  [ RunTime:0.0003s ]
INFO: [ app_end ] --START--
INFO: Run Behavior\ShowPageTraceBehavior [ RunTime:0.023889s ]
INFO: [ app_end ] --END-- [ RunTime:0.023972s ]

[ 2016-05-05T18:22:16+08:00 ] 115.200.15.173 /web/Home/User/temp
INFO: [ app_init ] --START--
INFO: Run Behavior\BuildLiteBehavior [ RunTime:0.000032s ]
INFO: [ app_init ] --END-- [ RunTime:0.001738s ]
INFO: [ app_begin ] --START--
INFO: Run Behavior\ReadHtmlCacheBehavior [ RunTime:0.003201s ]
INFO: [ app_begin ] --END-- [ RunTime:0.003320s ]
SQL: SHOW COLUMNS FROM `tempsensor` [ RunTime:0.0180s ]
SQL: SELECT * FROM `tempsensor`  [ RunTime:0.0004s ]
INFO: [ app_end ] --START--
INFO: Run Behavior\ShowPageTraceBehavior [ RunTime:0.002222s ]
INFO: [ app_end ] --END-- [ RunTime:0.002345s ]

[ 2016-05-05T18:26:21+08:00 ] 115.200.15.173 ///web/Home/User/index
INFO: [ app_init ] --START--
INFO: Run Behavior\BuildLiteBehavior [ RunTime:0.000020s ]
INFO: [ app_init ] --END-- [ RunTime:0.000905s ]
INFO: [ app_begin ] --START--
INFO: Run Behavior\ReadHtmlCacheBehavior [ RunTime:0.001666s ]
INFO: [ app_begin ] --END-- [ RunTime:0.001781s ]
SQL: SHOW COLUMNS FROM `tempsensor` [ RunTime:0.0062s ]
SQL: SELECT * FROM `tempsensor`  [ RunTime:0.0004s ]
INFO: [ app_end ] --START--
INFO: Run Behavior\ShowPageTraceBehavior [ RunTime:0.001658s ]
INFO: [ app_end ] --END-- [ RunTime:0.001734s ]

[ 2016-05-05T18:30:11+08:00 ] 115.200.15.173 ///web/Home/User/index
INFO: [ app_init ] --START--
INFO: Run Behavior\BuildLiteBehavior [ RunTime:0.000028s ]
INFO: [ app_init ] --END-- [ RunTime:0.001157s ]
INFO: [ app_begin ] --START--
INFO: Run Behavior\ReadHtmlCacheBehavior [ RunTime:0.002422s ]
INFO: [ app_begin ] --END-- [ RunTime:0.002564s ]
SQL: SHOW COLUMNS FROM `tempsensor` [ RunTime:0.0091s ]
SQL: SELECT * FROM `tempsensor`  [ RunTime:0.0004s ]
INFO: [ app_end ] --START--
INFO: Run Behavior\ShowPageTraceBehavior [ RunTime:0.001898s ]
INFO: [ app_end ] --END-- [ RunTime:0.001983s ]

[ 2016-05-05T19:15:52+08:00 ] 115.200.15.173 ///web/Home/User/index
INFO: [ app_init ] --START--
INFO: Run Behavior\BuildLiteBehavior [ RunTime:0.000035s ]
INFO: [ app_init ] --END-- [ RunTime:0.019746s ]
INFO: [ app_begin ] --START--
INFO: Run Behavior\ReadHtmlCacheBehavior [ RunTime:0.011010s ]
INFO: [ app_begin ] --END-- [ RunTime:0.011134s ]
SQL: SHOW COLUMNS FROM `tempsensor` [ RunTime:0.0517s ]
SQL: SELECT * FROM `tempsensor`  [ RunTime:0.0003s ]
INFO: [ app_end ] --START--
INFO: Run Behavior\ShowPageTraceBehavior [ RunTime:0.012624s ]
INFO: [ app_end ] --END-- [ RunTime:0.012718s ]

[ 2016-05-05T19:31:08+08:00 ] 115.200.15.173 ///web/Home/User/index
INFO: [ app_init ] --START--
INFO: Run Behavior\BuildLiteBehavior [ RunTime:0.000021s ]
INFO: [ app_init ] --END-- [ RunTime:0.001013s ]
INFO: [ app_begin ] --START--
INFO: Run Behavior\ReadHtmlCacheBehavior [ RunTime:0.002297s ]
INFO: [ app_begin ] --END-- [ RunTime:0.002496s ]
SQL: SHOW COLUMNS FROM `tempsensor` [ RunTime:0.1042s ]
SQL: SELECT * FROM `tempsensor`  [ RunTime:0.0005s ]
INFO: [ app_end ] --START--
INFO: Run Behavior\ShowPageTraceBehavior [ RunTime:0.002521s ]
INFO: [ app_end ] --END-- [ RunTime:0.002661s ]

[ 2016-05-05T19:34:23+08:00 ] 115.200.15.173 /web/Home/User/temp
INFO: [ app_init ] --START--
INFO: Run Behavior\BuildLiteBehavior [ RunTime:0.000023s ]
INFO: [ app_init ] --END-- [ RunTime:0.008507s ]
INFO: [ app_begin ] --START--
INFO: Run Behavior\ReadHtmlCacheBehavior [ RunTime:0.011602s ]
INFO: [ app_begin ] --END-- [ RunTime:0.011718s ]
SQL: SHOW COLUMNS FROM `tempsensor` [ RunTime:0.0284s ]
SQL: SELECT * FROM `tempsensor`  [ RunTime:0.0005s ]
INFO: [ app_end ] --START--
INFO: Run Behavior\ShowPageTraceBehavior [ RunTime:0.020734s ]
INFO: [ app_end ] --END-- [ RunTime:0.020842s ]

[ 2016-05-05T21:32:04+08:00 ] 115.200.15.173 /web/Home/User/temp
INFO: [ app_init ] --START--
INFO: Run Behavior\BuildLiteBehavior [ RunTime:0.007428s ]
INFO: [ app_init ] --END-- [ RunTime:0.090647s ]
INFO: [ app_begin ] --START--
INFO: Run Behavior\ReadHtmlCacheBehavior [ RunTime:0.029842s ]
INFO: [ app_begin ] --END-- [ RunTime:0.029935s ]
SQL: SHOW COLUMNS FROM `tempsensor` [ RunTime:0.7043s ]
SQL: SELECT * FROM `tempsensor`  [ RunTime:0.0247s ]
INFO: [ app_end ] --START--
INFO: Run Behavior\ShowPageTraceBehavior [ RunTime:0.013944s ]
INFO: [ app_end ] --END-- [ RunTime:0.014042s ]

[ 2016-05-05T21:32:54+08:00 ] 115.200.15.173 /web/Home/User/temp
INFO: [ app_init ] --START--
INFO: Run Behavior\BuildLiteBehavior [ RunTime:0.000035s ]
INFO: [ app_init ] --END-- [ RunTime:0.001461s ]
INFO: [ app_begin ] --START--
INFO: Run Behavior\ReadHtmlCacheBehavior [ RunTime:0.005212s ]
INFO: [ app_begin ] --END-- [ RunTime:0.005453s ]
SQL: SHOW COLUMNS FROM `tempsensor` [ RunTime:0.0077s ]
SQL: SELECT * FROM `tempsensor`  [ RunTime:0.0004s ]
INFO: [ app_end ] --START--
INFO: Run Behavior\ShowPageTraceBehavior [ RunTime:0.001969s ]
INFO: [ app_end ] --END-- [ RunTime:0.002054s ]

[ 2016-05-05T21:33:33+08:00 ] 115.200.15.173 /web/Home/User/temp
INFO: [ app_init ] --START--
INFO: Run Behavior\BuildLiteBehavior [ RunTime:0.000052s ]
INFO: [ app_init ] --END-- [ RunTime:0.002045s ]
INFO: [ app_begin ] --START--
INFO: Run Behavior\ReadHtmlCacheBehavior [ RunTime:0.002158s ]
INFO: [ app_begin ] --END-- [ RunTime:0.002279s ]
SQL: SHOW COLUMNS FROM `tempsensor` [ RunTime:0.0415s ]
SQL: SELECT * FROM `tempsensor`  [ RunTime:0.0005s ]
INFO: [ app_end ] --START--
INFO: Run Behavior\ShowPageTraceBehavior [ RunTime:0.002263s ]
INFO: [ app_end ] --END-- [ RunTime:0.002390s ]

[ 2016-05-05T21:54:56+08:00 ] 115.200.15.173 /web/Home/User/temp
INFO: [ app_init ] --START--
INFO: Run Behavior\BuildLiteBehavior [ RunTime:0.000023s ]
INFO: [ app_init ] --END-- [ RunTime:0.008434s ]
INFO: [ app_begin ] --START--
INFO: Run Behavior\ReadHtmlCacheBehavior [ RunTime:0.017242s ]
INFO: [ app_begin ] --END-- [ RunTime:0.017365s ]
SQL: SHOW COLUMNS FROM `tempsensor` [ RunTime:0.1427s ]
SQL: SELECT * FROM `tempsensor`  [ RunTime:0.0312s ]
INFO: [ app_end ] --START--
INFO: Run Behavior\ShowPageTraceBehavior [ RunTime:0.009365s ]
INFO: [ app_end ] --END-- [ RunTime:0.009452s ]

[ 2016-05-05T21:59:45+08:00 ] 115.200.15.173 /web/Home/User/temp
INFO: [ app_init ] --START--
INFO: Run Behavior\BuildLiteBehavior [ RunTime:0.000032s ]
INFO: [ app_init ] --END-- [ RunTime:0.001492s ]
INFO: [ app_begin ] --START--
INFO: Run Behavior\ReadHtmlCacheBehavior [ RunTime:0.001708s ]
INFO: [ app_begin ] --END-- [ RunTime:0.001835s ]
SQL: SHOW COLUMNS FROM `tempsensor` [ RunTime:0.0085s ]
SQL: SELECT * FROM `tempsensor`  [ RunTime:0.0005s ]
INFO: [ app_end ] --START--
INFO: Run Behavior\ShowPageTraceBehavior [ RunTime:0.004569s ]
INFO: [ app_end ] --END-- [ RunTime:0.004773s ]

[ 2016-05-05T22:14:17+08:00 ] 115.200.15.173 /web/Home/User/temp
INFO: [ app_init ] --START--
INFO: Run Behavior\BuildLiteBehavior [ RunTime:0.000019s ]
INFO: [ app_init ] --END-- [ RunTime:0.000891s ]
INFO: [ app_begin ] --START--
INFO: Run Behavior\ReadHtmlCacheBehavior [ RunTime:0.001776s ]
INFO: [ app_begin ] --END-- [ RunTime:0.001877s ]
SQL: SHOW COLUMNS FROM `tempsensor` [ RunTime:0.0283s ]
SQL: SELECT * FROM `tempsensor`  [ RunTime:0.0004s ]
INFO: [ app_end ] --START--
INFO: Run Behavior\ShowPageTraceBehavior [ RunTime:0.001709s ]
INFO: [ app_end ] --END-- [ RunTime:0.001812s ]

[ 2016-05-05T22:16:40+08:00 ] 115.200.15.173 /web/Home/User/temp
INFO: [ app_init ] --START--
INFO: Run Behavior\BuildLiteBehavior [ RunTime:0.000023s ]
INFO: [ app_init ] --END-- [ RunTime:0.002258s ]
INFO: [ app_begin ] --START--
INFO: Run Behavior\ReadHtmlCacheBehavior [ RunTime:0.002298s ]
INFO: [ app_begin ] --END-- [ RunTime:0.002588s ]
SQL: SHOW COLUMNS FROM `tempsensor` [ RunTime:0.0170s ]
SQL: SELECT * FROM `tempsensor`  [ RunTime:0.0004s ]
INFO: [ app_end ] --START--
INFO: Run Behavior\ShowPageTraceBehavior [ RunTime:0.001735s ]
INFO: [ app_end ] --END-- [ RunTime:0.001873s ]

