[ 2016-04-28T19:58:24+08:00 ] ::1 /web/Home/User/index
INFO: [ app_init ] --START--
INFO: Run Behavior\BuildLiteBehavior [ RunTime:0.000143s ]
INFO: [ app_init ] --END-- [ RunTime:0.129487s ]
INFO: [ app_begin ] --START--
INFO: Run Behavior\ReadHtmlCacheBehavior [ RunTime:0.028811s ]
INFO: [ app_begin ] --END-- [ RunTime:0.028934s ]
SQL: SHOW COLUMNS FROM `environment_data` [ RunTime:0.9717s ]
SQL: SELECT * FROM `environment_data`  [ RunTime:0.0005s ]
INFO: [ app_end ] --START--
INFO: Run Behavior\ShowPageTraceBehavior [ RunTime:0.016902s ]
INFO: [ app_end ] --END-- [ RunTime:0.017016s ]

[ 2016-04-28T19:58:27+08:00 ] 115.200.27.71 /web/Home/User/index
INFO: [ app_init ] --START--
INFO: Run Behavior\BuildLiteBehavior [ RunTime:0.000020s ]
INFO: [ app_init ] --END-- [ RunTime:0.001302s ]
INFO: [ app_begin ] --START--
INFO: Run Behavior\ReadHtmlCacheBehavior [ RunTime:0.001496s ]
INFO: [ app_begin ] --END-- [ RunTime:0.001599s ]
SQL: SHOW COLUMNS FROM `environment_data` [ RunTime:0.0055s ]
SQL: SELECT * FROM `environment_data`  [ RunTime:0.0003s ]
INFO: [ app_end ] --START--
INFO: Run Behavior\ShowPageTraceBehavior [ RunTime:0.001567s ]
INFO: [ app_end ] --END-- [ RunTime:0.001644s ]

[ 2016-04-28T20:18:56+08:00 ] 115.200.27.71 //web/Home/User/index
INFO: [ app_init ] --START--
INFO: Run Behavior\BuildLiteBehavior [ RunTime:0.000023s ]
INFO: [ app_init ] --END-- [ RunTime:0.008719s ]
INFO: [ app_begin ] --START--
INFO: Run Behavior\ReadHtmlCacheBehavior [ RunTime:0.013461s ]
INFO: [ app_begin ] --END-- [ RunTime:0.013554s ]
SQL: SHOW COLUMNS FROM `environment_data` [ RunTime:0.0209s ]
SQL: SELECT * FROM `environment_data`  [ RunTime:0.0008s ]
INFO: [ app_end ] --START--
INFO: Run Behavior\ShowPageTraceBehavior [ RunTime:0.017867s ]
INFO: [ app_end ] --END-- [ RunTime:0.018000s ]

[ 2016-04-28T21:15:24+08:00 ] 115.200.27.71 //web/Home/User/index
INFO: [ app_init ] --START--
INFO: Run Behavior\BuildLiteBehavior [ RunTime:0.011915s ]
INFO: [ app_init ] --END-- [ RunTime:0.112414s ]
INFO: [ app_begin ] --START--
INFO: Run Behavior\ReadHtmlCacheBehavior [ RunTime:0.017415s ]
INFO: [ app_begin ] --END-- [ RunTime:0.017509s ]
SQL: SHOW COLUMNS FROM `environment_data` [ RunTime:0.3434s ]
SQL: SELECT * FROM `environment_data`  [ RunTime:0.0285s ]
INFO: [ app_end ] --START--
INFO: Run Behavior\ShowPageTraceBehavior [ RunTime:0.025738s ]
INFO: [ app_end ] --END-- [ RunTime:0.025833s ]

[ 2016-04-28T21:15:48+08:00 ] 115.200.27.71 //web/Home/User/index
INFO: [ app_init ] --START--
INFO: Run Behavior\BuildLiteBehavior [ RunTime:0.000028s ]
INFO: [ app_init ] --END-- [ RunTime:0.001095s ]
INFO: [ app_begin ] --START--
INFO: Run Behavior\ReadHtmlCacheBehavior [ RunTime:0.001089s ]
INFO: [ app_begin ] --END-- [ RunTime:0.001209s ]
SQL: SHOW COLUMNS FROM `environment_data` [ RunTime:0.0060s ]
SQL: SELECT * FROM `environment_data`  [ RunTime:0.0003s ]
INFO: [ app_end ] --START--
INFO: Run Behavior\ShowPageTraceBehavior [ RunTime:0.001186s ]
INFO: [ app_end ] --END-- [ RunTime:0.001274s ]

[ 2016-04-28T21:19:18+08:00 ] 115.200.27.71 //web/Home/User/index
INFO: [ app_init ] --START--
INFO: Run Behavior\BuildLiteBehavior [ RunTime:0.000017s ]
INFO: [ app_init ] --END-- [ RunTime:0.000897s ]
INFO: [ app_begin ] --START--
INFO: Run Behavior\ReadHtmlCacheBehavior [ RunTime:0.001503s ]
INFO: [ app_begin ] --END-- [ RunTime:0.001614s ]
SQL: SHOW COLUMNS FROM `environment_data` [ RunTime:0.0364s ]
SQL: SELECT * FROM `environment_data`  [ RunTime:0.0004s ]
INFO: [ app_end ] --START--
INFO: Run Behavior\ShowPageTraceBehavior [ RunTime:0.001429s ]
INFO: [ app_end ] --END-- [ RunTime:0.001501s ]

[ 2016-04-28T21:20:03+08:00 ] 115.200.27.71 //web/Home/User/index
INFO: [ app_init ] --START--
INFO: Run Behavior\BuildLiteBehavior [ RunTime:0.000018s ]
INFO: [ app_init ] --END-- [ RunTime:0.000817s ]
INFO: [ app_begin ] --START--
INFO: Run Behavior\ReadHtmlCacheBehavior [ RunTime:0.000973s ]
INFO: [ app_begin ] --END-- [ RunTime:0.001079s ]
SQL: SHOW COLUMNS FROM `environment_data` [ RunTime:0.0170s ]
SQL: SELECT * FROM `environment_data`  [ RunTime:0.0004s ]
INFO: [ app_end ] --START--
INFO: Run Behavior\ShowPageTraceBehavior [ RunTime:0.001216s ]
INFO: [ app_end ] --END-- [ RunTime:0.001290s ]

